<?xml version="1.0" encoding="UTF-8"?>
<!-- Generated by org.testng.reporters.JUnitReportReporter -->
<testsuite hostname="keerthan" name="com.mudano.tests.CreateUserAndRecordTimeTest" tests="2" failures="0" timestamp="23 Jun 2019 22:56:02 GMT" time="26.921" errors="0">
  <testcase name="recordTime" time="8.705" classname="com.mudano.tests.CreateUserAndRecordTimeTest"/>
  <testcase name="createUser" time="18.216" classname="com.mudano.tests.CreateUserAndRecordTimeTest"/>
</testsuite> <!-- com.mudano.tests.CreateUserAndRecordTimeTest -->
