<?xml version="1.0" encoding="UTF-8"?>
<!-- Generated by org.testng.reporters.JUnitReportReporter -->
<testsuite hostname="keerthan" name="com.inmar.tests.FillFormsTest" tests="1" failures="0" timestamp="22 Jun 2019 17:58:19 GMT" time="12.321" errors="0">
  <testcase name="fillForm" time="12.321" classname="com.inmar.tests.FillFormsTest"/>
</testsuite> <!-- com.inmar.tests.FillFormsTest -->
