<?xml version="1.0" encoding="UTF-8"?>
<!-- Generated by org.testng.reporters.JUnitReportReporter -->
<testsuite hostname="keerthan" name="com.tests.FillFormsTest" tests="1" failures="0" timestamp="22 Jun 2019 18:55:40 GMT" time="10.708" errors="0">
  <testcase name="fillForm" time="10.708" classname="com.tests.FillFormsTest"/>
</testsuite> <!-- com.tests.FillFormsTest -->
