<?xml version="1.0" encoding="UTF-8"?>
<!-- Generated by org.testng.reporters.JUnitReportReporter -->
<testsuite hostname="keerthan" name="com.tests.CreateUserAndRecordTimeTest" tests="2" failures="0" timestamp="22 Jun 2019 19:05:15 GMT" time="18.901" errors="0">
  <testcase name="recordTime" time="7.949" classname="com.tests.CreateUserAndRecordTimeTest"/>
  <testcase name="createUser" time="10.952" classname="com.tests.CreateUserAndRecordTimeTest"/>
</testsuite> <!-- com.tests.CreateUserAndRecordTimeTest -->
